[debug] > Exec(early(addDefaultCommands), None, None)
[debug] > Exec(addDefaultCommands, None, None)
[debug] > Exec(early(initialize), None, None)
[debug] > Exec(initialize, None, None)
[debug] > Exec(boot, None, None)
[debug] > Exec(writeSbtVersion, None, None)
[debug] > Exec(reload, None, None)
[debug] > Exec(sbtStashOnFailure, None, None)
[debug] > Exec(onFailure loadFailed, None, None)
[debug] > Exec(loadp, None, None)
[info] welcome to sbt 1.10.3 (Eclipse Adoptium Java 17.0.8.1)
[debug] Load.defaultLoad until apply took 213.351ms
[debug]           Load.loadUnit: plugins took 146.2072ms
[debug]           Load.loadUnit: defsScala took 0.6925ms
[debug] [Loading] Scanning directory C:\SE\projektV2\SoftwareEngineeringJJ\project
[debug] [Loading] Found non-root projects 
[debug] [Loading] Done in C:\SE\projektV2\SoftwareEngineeringJJ\project, returning: ()
[debug] deducing auto plugins based on known facts Set(Atom(sbt.plugins.CorePlugin)) and clauses Clauses(Clause(Atom(sbt.plugins.JvmPlugin),Set(Atom(sbt.plugins.IvyPlugin)))
[debug] Clause(Atom(sbt.ScriptedPlugin),Set(Atom(sbt.plugins.JvmPlugin)))
[debug] Clause(Atom(sbt.plugins.SbtPlugin),Set(Atom(sbt.ScriptedPlugin)))
[debug] Clause(Atom(sbt.plugins.SemanticdbPlugin),Set(Atom(sbt.plugins.JvmPlugin)))
[debug] Clause(Atom(sbt.plugins.JUnitXmlReportPlugin),Set(Atom(sbt.plugins.JvmPlugin)))
[debug] Clause(Atom(sbt.plugins.MiniDependencyTreePlugin),Set(Atom(sbt.plugins.JvmPlugin)))
[debug] Clause(Atom(sbt.plugins.CorePlugin),Set(Atom(sbt.plugins.IvyPlugin)))
[debug] Clause(Atom(sbt.plugins.IvyPlugin),Set(Atom(sbt.plugins.JvmPlugin)))
[debug] Clause(Atom(sbt.plugins.JvmPlugin),Set(Atom(sbt.plugins.SemanticdbPlugin)))
[debug] Clause(Atom(sbt.plugins.JvmPlugin),Set(Atom(sbt.plugins.JUnitXmlReportPlugin)))
[debug] Clause(Atom(sbt.plugins.CorePlugin),Set(Atom(sbt.plugins.Giter8TemplatePlugin)))
[debug] Clause(Atom(sbt.plugins.JvmPlugin),Set(Atom(sbt.plugins.MiniDependencyTreePlugin))))
[debug]   :: deduced result: Matched(sbt.plugins.CorePlugin,sbt.plugins.Giter8TemplatePlugin,sbt.plugins.IvyPlugin,sbt.plugins.JvmPlugin,sbt.plugins.MiniDependencyTreePlugin,sbt.plugins.JUnitXmlReportPlugin,sbt.plugins.SemanticdbPlugin)
[debug] Plugins.deducer#function took 33.5544 ms
[debug]               Load.resolveProject(softwareengineeringjj-build) took 69.6242ms
[debug]             Load.loadTransitive: finalizeProject(Project(id softwareengineeringjj-build, base: C:\SE\projektV2\SoftwareEngineeringJJ\project, plugins: List(<none>))) took 144.2549ms
[debug] [Loading] Done in C:\SE\projektV2\SoftwareEngineeringJJ\project, returning: (softwareengineeringjj-build)
[debug]           Load.loadUnit: loadedProjectsRaw took 175.6533ms
[debug]           Load.loadUnit: cleanEvalClasses took 0.4926ms
[debug]         Load.loadUnit(file:/C:/SE/projektV2/SoftwareEngineeringJJ/project/, ...) took 333.8085ms
[debug]       Load.apply: load took 657.6814ms
[debug]       Load.apply: resolveProjects took 8.7722ms
[debug]       Load.apply: finalTransforms took 86.3876ms
[debug]       Load.apply: config.delegates took 14.5455ms
[debug]       Load.apply: Def.make(settings)... took 631.2467ms
[debug]       Load.apply: structureIndex took 155.5551ms
[debug]       Load.apply: mkStreams took 3.0285ms
[info] loading project definition from C:\SE\projektV2\SoftwareEngineeringJJ\project
[debug] Running task... Cancel: Signal, check cycles: false, forcegc: true
[debug]     Load.loadUnit: plugins took 4284.694ms
[debug]     Load.loadUnit: defsScala took 0.0031ms
[debug] [Loading] Scanning directory C:\SE\projektV2\SoftwareEngineeringJJ
[debug]       Load.loadUnit: mkEval took 6.0178ms
[debug] [Loading] Found root project root w/ remaining 
[debug] deducing auto plugins based on known facts Set(Atom(sbt.plugins.CorePlugin)) and clauses Clauses(Clause(Atom(sbt.plugins.JvmPlugin),Set(Atom(sbt.plugins.IvyPlugin)))
[debug] Clause(Atom(sbt.ScriptedPlugin),Set(Atom(sbt.plugins.JvmPlugin)))
[debug] Clause(Atom(sbt.plugins.SbtPlugin),Set(Atom(sbt.ScriptedPlugin)))
[debug] Clause(Atom(sbt.plugins.SemanticdbPlugin),Set(Atom(sbt.plugins.JvmPlugin)))
[debug] Clause(Atom(sbt.plugins.JUnitXmlReportPlugin),Set(Atom(sbt.plugins.JvmPlugin)))
[debug] Clause(Atom(sbt.plugins.MiniDependencyTreePlugin),Set(Atom(sbt.plugins.JvmPlugin)))
[debug] Clause(Atom(sbt.plugins.CorePlugin),Set(Atom(sbt.plugins.IvyPlugin)))
[debug] Clause(Atom(sbt.plugins.IvyPlugin),Set(Atom(sbt.plugins.JvmPlugin)))
[debug] Clause(Atom(sbt.plugins.JvmPlugin),Set(Atom(sbt.plugins.SemanticdbPlugin)))
[debug] Clause(Atom(sbt.plugins.JvmPlugin),Set(Atom(sbt.plugins.JUnitXmlReportPlugin)))
[debug] Clause(Atom(sbt.plugins.CorePlugin),Set(Atom(sbt.plugins.Giter8TemplatePlugin)))
[debug] Clause(Atom(sbt.plugins.JvmPlugin),Set(Atom(sbt.plugins.MiniDependencyTreePlugin))))
[debug]   :: deduced result: Matched(sbt.plugins.CorePlugin,sbt.plugins.Giter8TemplatePlugin,sbt.plugins.IvyPlugin,sbt.plugins.JvmPlugin,sbt.plugins.MiniDependencyTreePlugin,sbt.plugins.JUnitXmlReportPlugin,sbt.plugins.SemanticdbPlugin)
[debug] Plugins.deducer#function took 1.451 ms
[info] loading settings for project root from build.sbt ...
[debug]         Load.resolveProject(root) took 3.985ms
[debug]       Load.loadTransitive: finalizeProject(Project(id root, base: C:\SE\projektV2\SoftwareEngineeringJJ, plugins: List(<none>))) took 6.8248ms
[debug] [Loading] Done in C:\SE\projektV2\SoftwareEngineeringJJ, returning: (root)
[debug]     Load.loadUnit: loadedProjectsRaw took 2782.4863ms
[debug]     Load.loadUnit: cleanEvalClasses took 10.4897ms
[debug]   Load.loadUnit(file:/C:/SE/projektV2/SoftwareEngineeringJJ/, ...) took 7080.0883ms
[debug] Load.apply: load took 7116.7536ms
[debug] Load.apply: resolveProjects took 0.1407ms
[debug] Load.apply: finalTransforms took 15.52ms
[debug] Load.apply: config.delegates took 0.4417ms
[debug] Load.apply: Def.make(settings)... took 89.0975ms
[debug] Load.apply: structureIndex took 25.8896ms
[debug] Load.apply: mkStreams took 0.0029ms
[info] set current project to SoftwareEngineeringJJ (in build file:/C:/SE/projektV2/SoftwareEngineeringJJ/)
[debug] > Exec(sbtPopOnFailure, None, None)
[debug] > Exec(resumeFromFailure, None, None)
[debug] > Exec(notifyUsersAboutShell, None, None)
[debug] > Exec(iflast shell, None, None)
[debug] > Exec(shell, None, None)
[info] sbt server started at local:sbt-server-004c3152130f3d5796b7
[debug] Writing bsp connection file
[info] started sbt server
